[qc_loop_v6] absolute part_path=C:\Users\Vision\Desktop\SW 相关\3D转2D测试图纸\-M3x8十字螺丝-1-V3-V02.SLDPRT
[main] part_path = C:\Users\Vision\Desktop\SW 相关\3D转2D测试图纸\-M3x8十字螺丝-1-V3-V02.SLDPRT
[loop] part_path = C:\Users\Vision\Desktop\SW 相关\3D转2D测试图纸\-M3x8十字螺丝-1-V3-V02.SLDPRT
[loop] max_rounds = 3

========== 第 1/3 轮 ==========
[loop] subprocess: ['C:\\Users\\Vision\\AppData\\Local\\Programs\\Python\\Python311\\python.exe', '-u', 'C:\\Users\\Vision\\Desktop\\SW 相关\\.trae\\specs\\build-v6-and-validate-exe-ui\\drw_generate_v6.py', 'C:\\Users\\Vision\\Desktop\\SW 相关\\3D转2D测试图纸\\-M3x8十字螺丝-1-V3-V02.SLDPRT']
[loop] v5 returncode=0  耗时 22.9s
[loop] v5 stdout(tail):
  PDF:    OK  err=0
  DXF:    OK  err=0
  [v1.5 PNG] 由 run_manager PDF→PyMuPDF 回退生成（跳过 sw.GetExportFileData(2) COM 调用）
  [v1.6 layout] 迭代 1/8, scale=5:1
    [save_close_reopen] SaveAs OK
    [save_close_reopen] CloseDoc: -M3x8十字螺丝-1-V3-V02_v5 - 图纸1
    [save_close_reopen] Reopen OK, 等待 2s 加载
    [get_views] 策略A: GetFirstView = OK
    [get_views] 策略A 收集 4 个视图
    [measure] 尝试 1/3: _get_all_views 返回 4 个视图
    [measure] 工程图视图1: outline=[0.07405, 0.133355848697084, 0.08595, 0.14664415130291603]
    [measure] 工程图视图2: outline=[0.07405, 0.07405, 0.08595, 0.08595]
    [measure] 工程图视图3: outline=[0.17404999999999998, 0.133355848697084, 0.18595, 0.14664415130291603]
    [measure] 工程图视图4: outline=[0.22332512626584708, 0.17237553651505558, 0.23667487373415294, 0.1876244634849444]
  [v1.6 layout] 持久化后测量 4 个视图
  [v1.6 layout] ✓ 迭代 1 成功: 无 overlap, 无 out_of_frame
  [v1.6 layout] 持久化布局求解成功: scale=5:1, iters=1
  Warnings: 20 条 -> c:\Users\Vision\Desktop\SW 相关\drw_output\v5\-M3x8十字螺丝-1-V3-V02_v5_warnings.json

[DONE] {"slddrw": "c:\\Users\\Vision\\Desktop\\SW 相关\\drw_output\\v5\\-M3x8十字螺丝-1-V3-V02_v5.SLDDRW", "pdf": "c:\\Users\\Vision\\Desktop\\SW 相关\\drw_output\\v5\\-M3x8十字螺丝-1-V3-V02_v5.PDF", "dxf": "c:\\Users\\Vision\\Desktop\\SW 相关\\drw_output\\v5\\-M3x8十字螺丝-1-V3-V02_v5.DXF", "png": "c:\\Users\\Vision\\Desktop\\SW 相关\\drw_output\\v5\\-M3x8十字螺丝-1-V3-V02_v5.PNG", "warnings": "c:\\Users\\Vision\\Desktop\\SW 相关\\drw_output\\v5\\-M3x8十字螺丝-1-V3-V02_v5_warnings.json", "scale": "5:1", "section": false, "section_helper_called": true, "centers": {"front": [0.08, 0.14], "top": [0.08, 0.08], "right": [0.18, 0.14], "iso": [0.23, 0.18]}, "real_overlap_pairs": [], "bbox_m": [0.007, 0.009776605211664052, 0.007]}
[loop] 等待 1.5s 让 SolidWorks 完成异步刷盘...
[loop] qc 写盘 -> c:\Users\Vision\Desktop\SW 相关\drw_output\v5\-M3x8十字螺丝-1-V3-V02_v5_qc.json
[loop] 第 1 轮 QC: pass=False  pass_count=9/12  issues=['dim_count_sufficient', 'centermark_count_sufficient', 'has_tech_note', 'has_ra_note', 'has_datum_a', 'refdoc_correct', 'gb_titlebar_complete', 'gb_has_section_view_or_skipped']

========== 第 2/3 轮 ==========
[loop] subprocess: ['C:\\Users\\Vision\\AppData\\Local\\Programs\\Python\\Python311\\python.exe', '-u', 'C:\\Users\\Vision\\Desktop\\SW 相关\\.trae\\specs\\build-v6-and-validate-exe-ui\\drw_generate_v6.py', 'C:\\Users\\Vision\\Desktop\\SW 相关\\3D转2D测试图纸\\-M3x8十字螺丝-1-V3-V02.SLDPRT', 'c:\\Users\\Vision\\Desktop\\SW 相关\\drw_output\\v5\\issues_to_fix.json']
[loop] v5 returncode=1  耗时 15.0s
[loop] v5 stdout(tail):
  字高 SetUserPreferenceDoubleValue(89, 0.005) -> False
  箭头 SetUserPreferenceDoubleValue(2, 0.005) -> False
[4.5/9] 创建 5 个图层
  ! 无法获取 LayerManager
  [seed] GetStartPoint2/EndPoint 异常: (-2147352573, '找不到成员。', None, None)
  [seed] SelectByID2 EXTSKETCHPOINT 异常: (-2147352571, '类型不匹配。', None, 8)
  [seed] line.Select4 异常: (-2147352571, '类型不匹配。', None, 2)
  [seed] AddDimension2 异常: (-2147023170, '远程过程调用失败。', None, None)
  [seed] AddDimension2 返回 None
  [seed] CreateLine 异常: (-2147023174, 'RPC 服务器不可用。', None, None)
  [seed] CreateLine 返回 None, 跳过
  [seed] CreateLine 异常: (-2147023174, 'RPC 服务器不可用。', None, None)
  [seed] CreateLine 返回 None, 跳过
  [v1.6 dim_seed] 失败: 
[5/9] 4 个标准视图（layout_4_views）
  positions(mm): front=(80.0,140.0) top=(80.0,80.0) right=(180.0,140.0) iso=(230.0,180.0)
[v6 layout] checking overlaps...
  ✓ 实测 0 个视图无重叠
[5.5/9] view_in_frame 越界检查
[6/9] 导入模型尺寸 InsertModelAnnotations3
[loop] v5 stderr(tail):
Traceback (most recent call last):
  File "C:\Users\Vision\Desktop\SW 相关\.trae\specs\build-v6-and-validate-exe-ui\drw_generate_v6.py", line 1825, in <module>
    res = generate_for(target, issues=issues)
          ^^^^^^^^^^^^^^^^^^^^^^^^^^^^^^^^^^^
  File "C:\Users\Vision\Desktop\SW 相关\.trae\specs\build-v6-and-validate-exe-ui\drw_generate_v6.py", line 1097, in generate_for
    ext = drw.Extension
          ^^^^^^^^^^^^^
  File "C:\Users\Vision\AppData\Local\Programs\Python\Python311\Lib\site-packages\win32com\client\dynamic.py", line 631, in __getattr__
    raise AttributeError(f"{self._username_}.{attr}")
AttributeError: <unknown>.Extension
[loop] 等待 1.5s 让 SolidWorks 完成异步刷盘...

========== 第 3/3 轮 ==========
[loop] subprocess: ['C:\\Users\\Vision\\AppData\\Local\\Programs\\Python\\Python311\\python.exe', '-u', 'C:\\Users\\Vision\\Desktop\\SW 相关\\.trae\\specs\\build-v6-and-validate-exe-ui\\drw_generate_v6.py', 'C:\\Users\\Vision\\Desktop\\SW 相关\\3D转2D测试图纸\\-M3x8十字螺丝-1-V3-V02.SLDPRT', 'c:\\Users\\Vision\\Desktop\\SW 相关\\drw_output\\v5\\issues_to_fix.json']
[loop] v5 超时 240.0s (limit=240s)
[loop] qc_log.md 已写: c:\Users\Vision\Desktop\SW 相关\.trae\specs\enforce-drawing-quality\qc_log.md

========== 汇总 ==========
final_pass = False
final_path = c:\Users\Vision\Desktop\SW 相关\drw_output\v5\-M3x8十字螺丝-1-V3-V02_v5.SLDDRW
  round 1: pass=False pass_count=9/12 issues=['dim_count_sufficient', 'centermark_count_sufficient', 'has_tech_note', 'has_ra_note', 'has_datum_a', 'refdoc_correct', 'gb_titlebar_complete', 'gb_has_section_view_or_skipped']
  round 2: pass=False pass_count=0/12 issues=['__file_missing__']
  round 3: pass=False pass_count=0/12 issues=['__subprocess_timeout__']
qc_log.md = c:\Users\Vision\Desktop\SW 相关\.trae\specs\enforce-drawing-quality\qc_log.md
[runner] using v6

[runner] exit_code=0
