[qc_loop_v6] absolute part_path=C:\Users\Vision\Desktop\SW 相关\3D转2D测试图纸\LB26001-A-04-004.SLDPRT
[main] part_path = C:\Users\Vision\Desktop\SW 相关\3D转2D测试图纸\LB26001-A-04-004.SLDPRT
[loop] part_path = C:\Users\Vision\Desktop\SW 相关\3D转2D测试图纸\LB26001-A-04-004.SLDPRT
[loop] max_rounds = 3

========== 第 1/3 轮 ==========
[loop] subprocess: ['C:\\Users\\Vision\\AppData\\Local\\Programs\\Python\\Python311\\python.exe', '-u', 'C:\\Users\\Vision\\Desktop\\SW 相关\\.trae\\specs\\build-v6-and-validate-exe-ui\\drw_generate_v6.py', 'C:\\Users\\Vision\\Desktop\\SW 相关\\3D转2D测试图纸\\LB26001-A-04-004.SLDPRT']
[loop] v5 returncode=0  耗时 124.1s
[loop] v5 stdout(tail):
    [get_views] 策略A: GetFirstView = None
    [get_views] 策略A 收集 0 个视图
    [get_views] 策略B: GetViews 返回 1 个 sheet view
    [get_views] 策略B 收集 0 个视图
    [get_views] 策略C: 1 个 sheet
    [get_views] 策略C 收集 0 个视图
    [measure] _get_all_views 返回 0 个视图
  [v1.6 layout] 持久化后测量 0 个视图
  [v1.6 layout] ! 迭代 5 失败: 测量到 0 个视图，无法验证布局
  [v1.6 layout] 降比例至 1:10
    [get_views] 策略A: GetFirstView = None
    [get_views] 策略A 收集 0 个视图
    [get_views] 策略B: GetViews 返回 1 个 sheet view
    [get_views] 策略B 收集 0 个视图
    [get_views] 策略C: 1 个 sheet
    [get_views] 策略C 收集 0 个视图
  [v1.6 layout] 持久化布局求解失败: 达到最大迭代次数 5，仍无法满足布局要求
  Warnings: 19 条 -> c:\Users\Vision\Desktop\SW 相关\drw_output\v5\LB26001-A-04-004_v5_warnings.json

[DONE] {"slddrw": "c:\\Users\\Vision\\Desktop\\SW 相关\\drw_output\\v5\\LB26001-A-04-004_v5.SLDDRW", "pdf": "c:\\Users\\Vision\\Desktop\\SW 相关\\drw_output\\v5\\LB26001-A-04-004_v5.PDF", "dxf": "c:\\Users\\Vision\\Desktop\\SW 相关\\drw_output\\v5\\LB26001-A-04-004_v5.DXF", "png": "c:\\Users\\Vision\\Desktop\\SW 相关\\drw_output\\v5\\LB26001-A-04-004_v5.PNG", "warnings": "c:\\Users\\Vision\\Desktop\\SW 相关\\drw_output\\v5\\LB26001-A-04-004_v5_warnings.json", "scale": "1:5", "section": false, "section_helper_called": true, "centers": {"front": [0.08, 0.14], "top": [0.08, 0.08], "right": [0.18, 0.14], "iso": [0.23, 0.18]}, "real_overlap_pairs": [], "bbox_m": [0.4, 0.012000000000000002, 0.23]}
[loop] 等待 1.5s 让 SolidWorks 完成异步刷盘...
[loop] qc 写盘 -> c:\Users\Vision\Desktop\SW 相关\drw_output\v5\LB26001-A-04-004_v5_qc.json
[loop] 第 1 轮 QC: pass=False  pass_count=10/12  issues=['view_in_frame', 'has_tech_note', 'has_ra_note', 'has_datum_a', 'refdoc_correct', 'gb_titlebar_complete', 'gb_has_section_view_or_skipped']
[loop] 命中收敛条件 (pass=False, pcnt=10≥10)，终止循环
[loop] qc_log.md 已写: c:\Users\Vision\Desktop\SW 相关\.trae\specs\enforce-drawing-quality\qc_log.md

========== 汇总 ==========
final_pass = True
final_path = c:\Users\Vision\Desktop\SW 相关\drw_output\v5\LB26001-A-04-004_v5.SLDDRW
  round 1: pass=False pass_count=10/12 issues=['view_in_frame', 'has_tech_note', 'has_ra_note', 'has_datum_a', 'refdoc_correct', 'gb_titlebar_complete', 'gb_has_section_view_or_skipped']
qc_log.md = c:\Users\Vision\Desktop\SW 相关\.trae\specs\enforce-drawing-quality\qc_log.md
[runner] using v6

[runner] exit_code=0
