[qc_loop_v6] absolute part_path=C:\Users\Vision\Desktop\SW 相关\3D转2D测试图纸\LB26001-A-04-001.SLDPRT
[main] part_path = C:\Users\Vision\Desktop\SW 相关\3D转2D测试图纸\LB26001-A-04-001.SLDPRT
[loop] part_path = C:\Users\Vision\Desktop\SW 相关\3D转2D测试图纸\LB26001-A-04-001.SLDPRT
[loop] max_rounds = 3

========== 第 1/3 轮 ==========
[loop] subprocess: ['C:\\Users\\Vision\\AppData\\Local\\Programs\\Python\\Python311\\python.exe', '-u', 'C:\\Users\\Vision\\Desktop\\SW 相关\\.trae\\specs\\build-v6-and-validate-exe-ui\\drw_generate_v6.py', 'C:\\Users\\Vision\\Desktop\\SW 相关\\3D转2D测试图纸\\LB26001-A-04-001.SLDPRT']
[loop] v5 returncode=0  耗时 95.4s
[loop] v5 stdout(tail):
  字高强制 try=0.006  drw_ok=False sw_ok=False  drw=0.0002500000118743628 sw=0.0
  字高强制 try=0.007  drw_ok=False sw_ok=False  drw=0.0002500000118743628 sw=0.0
  字高强制 try=0.005  drw_ok=False sw_ok=False  drw=0.0002500000118743628 sw=0.0
  强制 front Position=(80,140)mm  set_ok=True  实际=[0.08, 0.14]
[9.6/9] using template, skip self-drawing frame/titleblock
[9.7/9] rebound 4 views to part+cfg='默认', names=['工程图视图1', '工程图视图2', '工程图视图3', '工程图视图4']
[v6 replace] view_names=['工程图视图1', '工程图视图2', '工程图视图3', '工程图视图4'], part_abs=C:\Users\Vision\Desktop\SW 相关\3D转2D测试图纸\LB26001-A-04-001.SLDPRT
[v6 replace] ReplaceViewModel(4 views) -> False
[save] 保存 SLDDRW / PDF / DXF（_v5 后缀） — part 保持打开
  SLDDRW: OK  err=0
  PDF:    OK  err=0
  DXF:    OK  err=0
  [v1.5 PNG] 由 run_manager PDF→PyMuPDF 回退生成（跳过 sw.GetExportFileData(2) COM 调用）
  [v1.6 layout] 迭代 1/5, scale=5:1
  [v1.6 layout] 持久化后测量 0 个视图
  [v1.6 layout] ✓ 迭代 1 成功: 无 overlap, 无 out_of_frame
  [v1.6 layout] 持久化布局求解成功: scale=5:1, iters=1
  Warnings: 19 条 -> c:\Users\Vision\Desktop\SW 相关\drw_output\v5\LB26001-A-04-001_v5_warnings.json

[DONE] {"slddrw": "c:\\Users\\Vision\\Desktop\\SW 相关\\drw_output\\v5\\LB26001-A-04-001_v5.SLDDRW", "pdf": "c:\\Users\\Vision\\Desktop\\SW 相关\\drw_output\\v5\\LB26001-A-04-001_v5.PDF", "dxf": "c:\\Users\\Vision\\Desktop\\SW 相关\\drw_output\\v5\\LB26001-A-04-001_v5.DXF", "png": "c:\\Users\\Vision\\Desktop\\SW 相关\\drw_output\\v5\\LB26001-A-04-001_v5.PNG", "warnings": "c:\\Users\\Vision\\Desktop\\SW 相关\\drw_output\\v5\\LB26001-A-04-001_v5_warnings.json", "scale": "5:1", "section": false, "section_helper_called": true, "centers": {"front": [0.08, 0.14], "top": [0.08, 0.08], "right": [0.18, 0.14], "iso": [0.23, 0.18]}, "real_overlap_pairs": [], "bbox_m": [0.5000000000000001, 0.012593676801498423, 0.31]}
[loop] 等待 1.5s 让 SolidWorks 完成异步刷盘...
[loop] quality_check 异常: cannot access local variable 'Path' where it is not associated with a value
Traceback (most recent call last):
  File "C:\Users\Vision\Desktop\SW 相关\.trae\specs\build-v6-and-validate-exe-ui\drw_qc_loop_v6.py", line 135, in _do_quality_check
    return drw_quality_check.quality_check(drw_path)
           ^^^^^^^^^^^^^^^^^^^^^^^^^^^^^^^^^^^^^^^^^
  File "c:\Users\Vision\Desktop\SW 相关\.trae\specs\enforce-drawing-quality\drw_quality_check.py", line 856, in quality_check
    _drw_dir_dc = Path(sldddrw_path).parent
                  ^^^^
UnboundLocalError: cannot access local variable 'Path' where it is not associated with a value

[loop] qc 写盘 -> c:\Users\Vision\Desktop\SW 相关\drw_output\v5\LB26001-A-04-001_v5_qc.json
[loop] 第 1 轮 QC: pass=False  pass_count=0/12  issues=['quality_check exception']

========== 第 2/3 轮 ==========
[loop] subprocess: ['C:\\Users\\Vision\\AppData\\Local\\Programs\\Python\\Python311\\python.exe', '-u', 'C:\\Users\\Vision\\Desktop\\SW 相关\\.trae\\specs\\build-v6-and-validate-exe-ui\\drw_generate_v6.py', 'C:\\Users\\Vision\\Desktop\\SW 相关\\3D转2D测试图纸\\LB26001-A-04-001.SLDPRT', 'c:\\Users\\Vision\\Desktop\\SW 相关\\drw_output\\v5\\issues_to_fix.json']
[loop] v5 returncode=0  耗时 94.0s
[loop] v5 stdout(tail):
  字高强制 try=0.006  drw_ok=False sw_ok=False  drw=0.0002500000118743628 sw=0.0
  字高强制 try=0.007  drw_ok=False sw_ok=False  drw=0.0002500000118743628 sw=0.0
  字高强制 try=0.005  drw_ok=False sw_ok=False  drw=0.0002500000118743628 sw=0.0
  强制 front Position=(80,140)mm  set_ok=True  实际=[0.08, 0.14]
[9.6/9] using template, skip self-drawing frame/titleblock
[9.7/9] rebound 4 views to part+cfg='默认', names=['工程图视图1', '工程图视图2', '工程图视图3', '工程图视图4']
[v6 replace] view_names=['工程图视图1', '工程图视图2', '工程图视图3', '工程图视图4'], part_abs=C:\Users\Vision\Desktop\SW 相关\3D转2D测试图纸\LB26001-A-04-001.SLDPRT
[v6 replace] ReplaceViewModel(4 views) -> False
[save] 保存 SLDDRW / PDF / DXF（_v5 后缀） — part 保持打开
  SLDDRW: OK  err=0
  PDF:    OK  err=0
  DXF:    OK  err=0
  [v1.5 PNG] 由 run_manager PDF→PyMuPDF 回退生成（跳过 sw.GetExportFileData(2) COM 调用）
  [v1.6 layout] 迭代 1/5, scale=5:1
  [v1.6 layout] 持久化后测量 0 个视图
  [v1.6 layout] ✓ 迭代 1 成功: 无 overlap, 无 out_of_frame
  [v1.6 layout] 持久化布局求解成功: scale=5:1, iters=1
  Warnings: 19 条 -> c:\Users\Vision\Desktop\SW 相关\drw_output\v5\LB26001-A-04-001_v5_warnings.json

[DONE] {"slddrw": "c:\\Users\\Vision\\Desktop\\SW 相关\\drw_output\\v5\\LB26001-A-04-001_v5.SLDDRW", "pdf": "c:\\Users\\Vision\\Desktop\\SW 相关\\drw_output\\v5\\LB26001-A-04-001_v5.PDF", "dxf": "c:\\Users\\Vision\\Desktop\\SW 相关\\drw_output\\v5\\LB26001-A-04-001_v5.DXF", "png": "c:\\Users\\Vision\\Desktop\\SW 相关\\drw_output\\v5\\LB26001-A-04-001_v5.PNG", "warnings": "c:\\Users\\Vision\\Desktop\\SW 相关\\drw_output\\v5\\LB26001-A-04-001_v5_warnings.json", "scale": "5:1", "section": false, "section_helper_called": true, "centers": {"front": [0.08, 0.14], "top": [0.08, 0.08], "right": [0.18, 0.14], "iso": [0.23, 0.18]}, "real_overlap_pairs": [], "bbox_m": [0.5000000000000001, 0.012593676801498423, 0.31]}
[loop] 等待 1.5s 让 SolidWorks 完成异步刷盘...
[loop] quality_check 异常: cannot access local variable 'Path' where it is not associated with a value
Traceback (most recent call last):
  File "C:\Users\Vision\Desktop\SW 相关\.trae\specs\build-v6-and-validate-exe-ui\drw_qc_loop_v6.py", line 135, in _do_quality_check
    return drw_quality_check.quality_check(drw_path)
           ^^^^^^^^^^^^^^^^^^^^^^^^^^^^^^^^^^^^^^^^^
  File "c:\Users\Vision\Desktop\SW 相关\.trae\specs\enforce-drawing-quality\drw_quality_check.py", line 856, in quality_check
    _drw_dir_dc = Path(sldddrw_path).parent
                  ^^^^
UnboundLocalError: cannot access local variable 'Path' where it is not associated with a value

[loop] qc 写盘 -> c:\Users\Vision\Desktop\SW 相关\drw_output\v5\LB26001-A-04-001_v5_qc.json
[loop] 第 2 轮 QC: pass=False  pass_count=0/12  issues=['quality_check exception']

========== 第 3/3 轮 ==========
[loop] subprocess: ['C:\\Users\\Vision\\AppData\\Local\\Programs\\Python\\Python311\\python.exe', '-u', 'C:\\Users\\Vision\\Desktop\\SW 相关\\.trae\\specs\\build-v6-and-validate-exe-ui\\drw_generate_v6.py', 'C:\\Users\\Vision\\Desktop\\SW 相关\\3D转2D测试图纸\\LB26001-A-04-001.SLDPRT', 'c:\\Users\\Vision\\Desktop\\SW 相关\\drw_output\\v5\\issues_to_fix.json']
[loop] v5 returncode=0  耗时 95.3s
[loop] v5 stdout(tail):
  字高强制 try=0.006  drw_ok=False sw_ok=False  drw=0.0002500000118743628 sw=0.0
  字高强制 try=0.007  drw_ok=False sw_ok=False  drw=0.0002500000118743628 sw=0.0
  字高强制 try=0.005  drw_ok=False sw_ok=False  drw=0.0002500000118743628 sw=0.0
  强制 front Position=(80,140)mm  set_ok=True  实际=[0.08, 0.14]
[9.6/9] using template, skip self-drawing frame/titleblock
[9.7/9] rebound 4 views to part+cfg='默认', names=['工程图视图1', '工程图视图2', '工程图视图3', '工程图视图4']
[v6 replace] view_names=['工程图视图1', '工程图视图2', '工程图视图3', '工程图视图4'], part_abs=C:\Users\Vision\Desktop\SW 相关\3D转2D测试图纸\LB26001-A-04-001.SLDPRT
[v6 replace] ReplaceViewModel(4 views) -> False
[save] 保存 SLDDRW / PDF / DXF（_v5 后缀） — part 保持打开
  SLDDRW: OK  err=0
  PDF:    OK  err=0
  DXF:    OK  err=0
  [v1.5 PNG] 由 run_manager PDF→PyMuPDF 回退生成（跳过 sw.GetExportFileData(2) COM 调用）
  [v1.6 layout] 迭代 1/5, scale=5:1
  [v1.6 layout] 持久化后测量 0 个视图
  [v1.6 layout] ✓ 迭代 1 成功: 无 overlap, 无 out_of_frame
  [v1.6 layout] 持久化布局求解成功: scale=5:1, iters=1
  Warnings: 19 条 -> c:\Users\Vision\Desktop\SW 相关\drw_output\v5\LB26001-A-04-001_v5_warnings.json

[DONE] {"slddrw": "c:\\Users\\Vision\\Desktop\\SW 相关\\drw_output\\v5\\LB26001-A-04-001_v5.SLDDRW", "pdf": "c:\\Users\\Vision\\Desktop\\SW 相关\\drw_output\\v5\\LB26001-A-04-001_v5.PDF", "dxf": "c:\\Users\\Vision\\Desktop\\SW 相关\\drw_output\\v5\\LB26001-A-04-001_v5.DXF", "png": "c:\\Users\\Vision\\Desktop\\SW 相关\\drw_output\\v5\\LB26001-A-04-001_v5.PNG", "warnings": "c:\\Users\\Vision\\Desktop\\SW 相关\\drw_output\\v5\\LB26001-A-04-001_v5_warnings.json", "scale": "5:1", "section": false, "section_helper_called": true, "centers": {"front": [0.08, 0.14], "top": [0.08, 0.08], "right": [0.18, 0.14], "iso": [0.23, 0.18]}, "real_overlap_pairs": [], "bbox_m": [0.5000000000000001, 0.012593676801498423, 0.31]}
[loop] 等待 1.5s 让 SolidWorks 完成异步刷盘...
[loop] quality_check 异常: cannot access local variable 'Path' where it is not associated with a value
Traceback (most recent call last):
  File "C:\Users\Vision\Desktop\SW 相关\.trae\specs\build-v6-and-validate-exe-ui\drw_qc_loop_v6.py", line 135, in _do_quality_check
    return drw_quality_check.quality_check(drw_path)
           ^^^^^^^^^^^^^^^^^^^^^^^^^^^^^^^^^^^^^^^^^
  File "c:\Users\Vision\Desktop\SW 相关\.trae\specs\enforce-drawing-quality\drw_quality_check.py", line 856, in quality_check
    _drw_dir_dc = Path(sldddrw_path).parent
                  ^^^^
UnboundLocalError: cannot access local variable 'Path' where it is not associated with a value

[loop] qc 写盘 -> c:\Users\Vision\Desktop\SW 相关\drw_output\v5\LB26001-A-04-001_v5_qc.json
[loop] 第 3 轮 QC: pass=False  pass_count=0/12  issues=['quality_check exception']
[loop] qc_log.md 已写: c:\Users\Vision\Desktop\SW 相关\.trae\specs\enforce-drawing-quality\qc_log.md

========== 汇总 ==========
final_pass = False
final_path = c:\Users\Vision\Desktop\SW 相关\drw_output\v5\LB26001-A-04-001_v5.SLDDRW
  round 1: pass=False pass_count=0/12 issues=['quality_check exception']
  round 2: pass=False pass_count=0/12 issues=['quality_check exception']
  round 3: pass=False pass_count=0/12 issues=['quality_check exception']
qc_log.md = c:\Users\Vision\Desktop\SW 相关\.trae\specs\enforce-drawing-quality\qc_log.md
[runner] using v6

[runner] exit_code=0
