[qc_loop_v6] absolute part_path=C:\Users\Vision\Desktop\SW 相关\3D转2D测试图纸\LB26001-A-04-004.SLDPRT
[main] part_path = C:\Users\Vision\Desktop\SW 相关\3D转2D测试图纸\LB26001-A-04-004.SLDPRT
[loop] part_path = C:\Users\Vision\Desktop\SW 相关\3D转2D测试图纸\LB26001-A-04-004.SLDPRT
[loop] max_rounds = 3

========== 第 1/3 轮 ==========
[loop] subprocess: ['C:\\Users\\Vision\\AppData\\Local\\Programs\\Python\\Python311\\python.exe', '-u', 'C:\\Users\\Vision\\Desktop\\SW 相关\\.trae\\specs\\build-v6-and-validate-exe-ui\\drw_generate_v6.py', 'C:\\Users\\Vision\\Desktop\\SW 相关\\3D转2D测试图纸\\LB26001-A-04-004.SLDPRT']
[loop] v5 returncode=0  耗时 132.5s
[loop] v5 stdout(tail):
    [get_views] 策略A 收集 4 个视图
    [measure] 尝试 1/3: _get_all_views 返回 4 个视图
    [measure] 工程图视图1: outline=[0.03579999999999999, 0.1346, 0.1242, 0.14540000000000003]
    [measure] 工程图视图2: outline=[0.03579999999999999, 0.05279999999999999, 0.1242, 0.1072]
    [measure] 工程图视图3: outline=[0.1528, 0.1346, 0.2072, 0.14540000000000003]
    [measure] 工程图视图4: outline=[0.18125227278524753, 0.14910329550332174, 0.2787477272147525, 0.21089670449667824]
  [v1.6 layout] 持久化后测量 4 个视图
  [v1.6 layout] ! 迭代 5 失败: overlap=0, out_of_frame=1
  [v1.6 layout] 降比例至 1:10
    [get_views] 策略A: GetFirstView = OK
    [get_views] 策略A 收集 4 个视图
  [v1.6 layout] 从 Reopen 后的 drw 获取 4 个视图
    view[0] ScaleRatio -> 1:10  ok=False
    view[1] ScaleRatio -> 1:10  ok=False
    view[2] ScaleRatio -> 1:10  ok=False
    view[3] ScaleRatio -> 1:10  ok=False
  [v1.6 layout] 持久化布局求解失败: 达到最大迭代次数 5，仍无法满足布局要求
  Warnings: 20 条 -> c:\Users\Vision\Desktop\SW 相关\drw_output\v5\LB26001-A-04-004_v5_warnings.json

[DONE] {"slddrw": "c:\\Users\\Vision\\Desktop\\SW 相关\\drw_output\\v5\\LB26001-A-04-004_v5.SLDDRW", "pdf": "c:\\Users\\Vision\\Desktop\\SW 相关\\drw_output\\v5\\LB26001-A-04-004_v5.PDF", "dxf": "c:\\Users\\Vision\\Desktop\\SW 相关\\drw_output\\v5\\LB26001-A-04-004_v5.DXF", "png": "c:\\Users\\Vision\\Desktop\\SW 相关\\drw_output\\v5\\LB26001-A-04-004_v5.PNG", "warnings": "c:\\Users\\Vision\\Desktop\\SW 相关\\drw_output\\v5\\LB26001-A-04-004_v5_warnings.json", "scale": "1:5", "section": false, "section_helper_called": true, "centers": {"front": [0.08, 0.14], "top": [0.08, 0.08], "right": [0.18, 0.14], "iso": [0.23, 0.18]}, "real_overlap_pairs": [], "bbox_m": [0.4, 0.012000000000000002, 0.23]}
[loop] 等待 1.5s 让 SolidWorks 完成异步刷盘...
[loop] qc 写盘 -> c:\Users\Vision\Desktop\SW 相关\drw_output\v5\LB26001-A-04-004_v5_qc.json
[loop] 第 1 轮 QC: pass=False  pass_count=8/12  issues=['view_overlap', 'view_in_frame', 'front_view_position', 'has_tech_note', 'has_ra_note', 'has_datum_a', 'refdoc_correct', 'gb_titlebar_complete', 'gb_has_section_view_or_skipped']

========== 第 2/3 轮 ==========
[loop] subprocess: ['C:\\Users\\Vision\\AppData\\Local\\Programs\\Python\\Python311\\python.exe', '-u', 'C:\\Users\\Vision\\Desktop\\SW 相关\\.trae\\specs\\build-v6-and-validate-exe-ui\\drw_generate_v6.py', 'C:\\Users\\Vision\\Desktop\\SW 相关\\3D转2D测试图纸\\LB26001-A-04-004.SLDPRT', 'c:\\Users\\Vision\\Desktop\\SW 相关\\drw_output\\v5\\issues_to_fix.json']
[loop] v5 returncode=0  耗时 85.7s
[loop] v5 stdout(tail):
  PDF:    OK  err=0
  DXF:    OK  err=0
  [v1.5 PNG] 由 run_manager PDF→PyMuPDF 回退生成（跳过 sw.GetExportFileData(2) COM 调用）
  [v1.6 layout] 迭代 1/5, scale=5:1
    [save_close_reopen] SaveAs 异常: (-2147352571, '类型不匹配。', None, 4)
    [save_close_reopen] CloseDoc: LB26001-A-04-004_v5 - 图纸1
    [save_close_reopen] Reopen OK, 等待 2s 加载
    [get_views] 策略A: GetFirstView = OK
    [get_views] 策略A 收集 4 个视图
    [measure] 尝试 1/3: _get_all_views 返回 4 个视图
    [measure] 工程图视图1: outline=[0.055799999999999995, 0.13520000000000001, 0.1042, 0.1448]
    [measure] 工程图视图2: outline=[0.055799999999999995, 0.06430000000000001, 0.1042, 0.0957]
    [measure] 工程图视图3: outline=[0.16429999999999997, 0.13520000000000001, 0.1957, 0.1448]
    [measure] 工程图视图4: outline=[0.20352613639262376, 0.16245164775166085, 0.25647386360737623, 0.19754835224833914]
  [v1.6 layout] 持久化后测量 4 个视图
  [v1.6 layout] ✓ 迭代 1 成功: 无 overlap, 无 out_of_frame
  [v1.6 layout] 持久化布局求解成功: scale=5:1, iters=1
  Warnings: 19 条 -> c:\Users\Vision\Desktop\SW 相关\drw_output\v5\LB26001-A-04-004_v5_warnings.json

[DONE] {"slddrw": "c:\\Users\\Vision\\Desktop\\SW 相关\\drw_output\\v5\\LB26001-A-04-004_v5.SLDDRW", "pdf": "c:\\Users\\Vision\\Desktop\\SW 相关\\drw_output\\v5\\LB26001-A-04-004_v5.PDF", "dxf": "c:\\Users\\Vision\\Desktop\\SW 相关\\drw_output\\v5\\LB26001-A-04-004_v5.DXF", "png": "c:\\Users\\Vision\\Desktop\\SW 相关\\drw_output\\v5\\LB26001-A-04-004_v5.PNG", "warnings": "c:\\Users\\Vision\\Desktop\\SW 相关\\drw_output\\v5\\LB26001-A-04-004_v5_warnings.json", "scale": "5:1", "section": false, "section_helper_called": true, "centers": {"front": [0.08, 0.14], "top": [0.08, 0.08], "right": [0.18, 0.14], "iso": [0.23, 0.18]}, "real_overlap_pairs": [], "bbox_m": [0.4, 0.012000000000000002, 0.23]}
[loop] 等待 1.5s 让 SolidWorks 完成异步刷盘...
[loop] qc 写盘 -> c:\Users\Vision\Desktop\SW 相关\drw_output\v5\LB26001-A-04-004_v5_qc.json
[loop] 第 2 轮 QC: pass=False  pass_count=11/12  issues=['has_tech_note', 'has_ra_note', 'has_datum_a', 'refdoc_correct', 'gb_titlebar_complete', 'gb_has_section_view_or_skipped']
[loop] 命中收敛条件 (pass=False, pcnt=11≥10)，终止循环
[loop] qc_log.md 已写: c:\Users\Vision\Desktop\SW 相关\.trae\specs\enforce-drawing-quality\qc_log.md

========== 汇总 ==========
final_pass = True
final_path = c:\Users\Vision\Desktop\SW 相关\drw_output\v5\LB26001-A-04-004_v5.SLDDRW
  round 1: pass=False pass_count=8/12 issues=['view_overlap', 'view_in_frame', 'front_view_position', 'has_tech_note', 'has_ra_note', 'has_datum_a', 'refdoc_correct', 'gb_titlebar_complete', 'gb_has_section_view_or_skipped']
  round 2: pass=False pass_count=11/12 issues=['has_tech_note', 'has_ra_note', 'has_datum_a', 'refdoc_correct', 'gb_titlebar_complete', 'gb_has_section_view_or_skipped']
qc_log.md = c:\Users\Vision\Desktop\SW 相关\.trae\specs\enforce-drawing-quality\qc_log.md
[runner] using v6

[runner] exit_code=0
