[qc_loop_v6] absolute part_path=C:\Users\Vision\Desktop\SW зӣёе…і\3DиҪ¬2DжөӢиҜ•еӣҫзәё\SKIN_GROUP1_1_1_1_2_1_1_3_1_2.SLDPRT
[main] part_path = C:\Users\Vision\Desktop\SW зӣёе…і\3DиҪ¬2DжөӢиҜ•еӣҫзәё\SKIN_GROUP1_1_1_1_2_1_1_3_1_2.SLDPRT
[loop] part_path = C:\Users\Vision\Desktop\SW зӣёе…і\3DиҪ¬2DжөӢиҜ•еӣҫзәё\SKIN_GROUP1_1_1_1_2_1_1_3_1_2.SLDPRT
[loop] max_rounds = 3

========== з¬¬ 1/3 иҪ® ==========
[loop] subprocess: ['C:\\Users\\Vision\\AppData\\Local\\Programs\\Python\\Python311\\python.exe', '-u', 'C:\\Users\\Vision\\Desktop\\SW зӣёе…і\\.trae\\specs\\build-v6-and-validate-exe-ui\\drw_generate_v6.py', 'C:\\Users\\Vision\\Desktop\\SW зӣёе…і\\3DиҪ¬2DжөӢиҜ•еӣҫзәё\\SKIN_GROUP1_1_1_1_2_1_1_3_1_2.SLDPRT']
[loop] v5 returncode=0  иҖ—ж—¶ 39.9s
[loop] v5 stdout(tail):
  + Ra 3.2 Note x1
  + еҹәеҮҶ A x1
[gtol] fallback note 'вҸҘ 0.05 A' inserted
[9.5/9] SaveAs еүҚжңҖз»ҲејәеҲ¶пјҡеӯ—й«ҳ + front_view.Position
  еӯ—й«ҳејәеҲ¶ try=0.005  drw_ok=False sw_ok=False  drw=0.0002500000118743628 sw=0.0
  еӯ—й«ҳејәеҲ¶ try=0.006  drw_ok=False sw_ok=False  drw=0.0002500000118743628 sw=0.0
  еӯ—й«ҳејәеҲ¶ try=0.007  drw_ok=False sw_ok=False  drw=0.0002500000118743628 sw=0.0
  еӯ—й«ҳејәеҲ¶ try=0.005  drw_ok=False sw_ok=False  drw=0.0002500000118743628 sw=0.0
  ејәеҲ¶ front Position=(80,140)mm  set_ok=True  е®һйҷ…=[0.08, 0.14]
[9.6/9] using template, skip self-drawing frame/titleblock
[9.7/9] rebound 4 views to part+cfg='й»ҳи®Ө', names=['е·ҘзЁӢеӣҫи§Ҷеӣҫ1', 'е·ҘзЁӢеӣҫи§Ҷеӣҫ2', 'е·ҘзЁӢеӣҫи§Ҷеӣҫ3', 'е·ҘзЁӢеӣҫи§Ҷеӣҫ4']
[v6 replace] view_names=['е·ҘзЁӢеӣҫи§Ҷеӣҫ1', 'е·ҘзЁӢеӣҫи§Ҷеӣҫ2', 'е·ҘзЁӢеӣҫи§Ҷеӣҫ3', 'е·ҘзЁӢеӣҫи§Ҷеӣҫ4'], part_abs=C:\Users\Vision\Desktop\SW зӣёе…і\3DиҪ¬2DжөӢиҜ•еӣҫзәё\SKIN_GROUP1_1_1_1_2_1_1_3_1_2.SLDPRT
[v6 replace] ReplaceViewModel(4 views) -> False
[save] дҝқеӯҳ SLDDRW / PDF / DXFпјҲ_v5 еҗҺзјҖпјү вҖ” part дҝқжҢҒжү“ејҖ
  SLDDRW: OK  err=0
  PDF:    OK  err=0
  DXF:    OK  err=0
  Warnings: 17 жқЎ -> c:\Users\Vision\Desktop\SW зӣёе…і\drw_output\v5\SKIN_GROUP1_1_1_1_2_1_1_3_1_2_v5_warnings.json

[DONE] {"slddrw": "c:\\Users\\Vision\\Desktop\\SW зӣёе…і\\drw_output\\v5\\SKIN_GROUP1_1_1_1_2_1_1_3_1_2_v5.SLDDRW", "pdf": "c:\\Users\\Vision\\Desktop\\SW зӣёе…і\\drw_output\\v5\\SKIN_GROUP1_1_1_1_2_1_1_3_1_2_v5.PDF", "dxf": "c:\\Users\\Vision\\Desktop\\SW зӣёе…і\\drw_output\\v5\\SKIN_GROUP1_1_1_1_2_1_1_3_1_2_v5.DXF", "warnings": "c:\\Users\\Vision\\Desktop\\SW зӣёе…і\\drw_output\\v5\\SKIN_GROUP1_1_1_1_2_1_1_3_1_2_v5_warnings.json", "scale": "1:2", "section": false, "section_helper_called": true, "centers": {"front": [0.08, 0.14], "top": [0.08, 0.08], "right": [0.18, 0.14], "iso": [0.23, 0.18]}, "real_overlap_pairs": [], "bbox_m": [0.009480206163205274, 0.0134, 0.009800572223598045]}
[loop] зӯүеҫ… 1.5s и®© SolidWorks е®ҢжҲҗејӮжӯҘеҲ·зӣҳ...
[loop] qc еҶҷзӣҳ -> c:\Users\Vision\Desktop\SW зӣёе…і\drw_output\v5\SKIN_GROUP1_1_1_1_2_1_1_3_1_2_v5_qc.json
[loop] з¬¬ 1 иҪ® QC: pass=False  pass_count=9/12  issues=['dim_count_sufficient', 'centermark_count_sufficient', 'has_tech_note', 'has_ra_note', 'has_datum_a', 'refdoc_correct', 'gb_titlebar_complete', 'gb_has_section_view_or_skipped']

========== з¬¬ 2/3 иҪ® ==========
[loop] subprocess: ['C:\\Users\\Vision\\AppData\\Local\\Programs\\Python\\Python311\\python.exe', '-u', 'C:\\Users\\Vision\\Desktop\\SW зӣёе…і\\.trae\\specs\\build-v6-and-validate-exe-ui\\drw_generate_v6.py', 'C:\\Users\\Vision\\Desktop\\SW зӣёе…і\\3DиҪ¬2DжөӢиҜ•еӣҫзәё\\SKIN_GROUP1_1_1_1_2_1_1_3_1_2.SLDPRT', 'c:\\Users\\Vision\\Desktop\\SW зӣёе…і\\drw_output\\v5\\issues_to_fix.json']
[loop] v5 returncode=0  иҖ—ж—¶ 38.2s
[loop] v5 stdout(tail):
  + Ra 3.2 Note x1
  + еҹәеҮҶ A x1
[gtol] fallback note 'вҸҘ 0.05 A' inserted
[9.5/9] SaveAs еүҚжңҖз»ҲејәеҲ¶пјҡеӯ—й«ҳ + front_view.Position
  еӯ—й«ҳејәеҲ¶ try=0.005  drw_ok=False sw_ok=False  drw=0.0002500000118743628 sw=0.0
  еӯ—й«ҳејәеҲ¶ try=0.006  drw_ok=False sw_ok=False  drw=0.0002500000118743628 sw=0.0
  еӯ—й«ҳејәеҲ¶ try=0.007  drw_ok=False sw_ok=False  drw=0.0002500000118743628 sw=0.0
  еӯ—й«ҳејәеҲ¶ try=0.005  drw_ok=False sw_ok=False  drw=0.0002500000118743628 sw=0.0
  ејәеҲ¶ front Position=(80,140)mm  set_ok=True  е®һйҷ…=[0.08, 0.14]
[9.6/9] using template, skip self-drawing frame/titleblock
[9.7/9] rebound 4 views to part+cfg='й»ҳи®Ө', names=['е·ҘзЁӢеӣҫи§Ҷеӣҫ1', 'е·ҘзЁӢеӣҫи§Ҷеӣҫ2', 'е·ҘзЁӢеӣҫи§Ҷеӣҫ3', 'е·ҘзЁӢеӣҫи§Ҷеӣҫ4']
[v6 replace] view_names=['е·ҘзЁӢеӣҫи§Ҷеӣҫ1', 'е·ҘзЁӢеӣҫи§Ҷеӣҫ2', 'е·ҘзЁӢеӣҫи§Ҷеӣҫ3', 'е·ҘзЁӢеӣҫи§Ҷеӣҫ4'], part_abs=C:\Users\Vision\Desktop\SW зӣёе…і\3DиҪ¬2DжөӢиҜ•еӣҫзәё\SKIN_GROUP1_1_1_1_2_1_1_3_1_2.SLDPRT
[v6 replace] ReplaceViewModel(4 views) -> False
[save] дҝқеӯҳ SLDDRW / PDF / DXFпјҲ_v5 еҗҺзјҖпјү вҖ” part дҝқжҢҒжү“ејҖ
  SLDDRW: OK  err=0
  PDF:    OK  err=0
  DXF:    OK  err=0
  Warnings: 17 жқЎ -> c:\Users\Vision\Desktop\SW зӣёе…і\drw_output\v5\SKIN_GROUP1_1_1_1_2_1_1_3_1_2_v5_warnings.json

[DONE] {"slddrw": "c:\\Users\\Vision\\Desktop\\SW зӣёе…і\\drw_output\\v5\\SKIN_GROUP1_1_1_1_2_1_1_3_1_2_v5.SLDDRW", "pdf": "c:\\Users\\Vision\\Desktop\\SW зӣёе…і\\drw_output\\v5\\SKIN_GROUP1_1_1_1_2_1_1_3_1_2_v5.PDF", "dxf": "c:\\Users\\Vision\\Desktop\\SW зӣёе…і\\drw_output\\v5\\SKIN_GROUP1_1_1_1_2_1_1_3_1_2_v5.DXF", "warnings": "c:\\Users\\Vision\\Desktop\\SW зӣёе…і\\drw_output\\v5\\SKIN_GROUP1_1_1_1_2_1_1_3_1_2_v5_warnings.json", "scale": "1:2", "section": false, "section_helper_called": true, "centers": {"front": [0.08, 0.14], "top": [0.08, 0.08], "right": [0.18, 0.14], "iso": [0.23, 0.18]}, "real_overlap_pairs": [], "bbox_m": [0.009480206163205274, 0.0134, 0.009800572223598045]}
[loop] зӯүеҫ… 1.5s и®© SolidWorks е®ҢжҲҗејӮжӯҘеҲ·зӣҳ...
[loop] qc еҶҷзӣҳ -> c:\Users\Vision\Desktop\SW зӣёе…і\drw_output\v5\SKIN_GROUP1_1_1_1_2_1_1_3_1_2_v5_qc.json
[loop] з¬¬ 2 иҪ® QC: pass=False  pass_count=9/12  issues=['dim_count_sufficient', 'centermark_count_sufficient', 'has_tech_note', 'has_ra_note', 'has_datum_a', 'refdoc_correct', 'gb_titlebar_complete', 'gb_has_section_view_or_skipped']

========== з¬¬ 3/3 иҪ® ==========
[loop] subprocess: ['C:\\Users\\Vision\\AppData\\Local\\Programs\\Python\\Python311\\python.exe', '-u', 'C:\\Users\\Vision\\Desktop\\SW зӣёе…і\\.trae\\specs\\build-v6-and-validate-exe-ui\\drw_generate_v6.py', 'C:\\Users\\Vision\\Desktop\\SW зӣёе…і\\3DиҪ¬2DжөӢиҜ•еӣҫзәё\\SKIN_GROUP1_1_1_1_2_1_1_3_1_2.SLDPRT', 'c:\\Users\\Vision\\Desktop\\SW зӣёе…і\\drw_output\\v5\\issues_to_fix.json']
[loop] v5 returncode=0  иҖ—ж—¶ 38.2s
[loop] v5 stdout(tail):
  + Ra 3.2 Note x1
  + еҹәеҮҶ A x1
[gtol] fallback note 'вҸҘ 0.05 A' inserted
[9.5/9] SaveAs еүҚжңҖз»ҲејәеҲ¶пјҡеӯ—й«ҳ + front_view.Position
  еӯ—й«ҳејәеҲ¶ try=0.005  drw_ok=False sw_ok=False  drw=0.0002500000118743628 sw=0.0
  еӯ—й«ҳејәеҲ¶ try=0.006  drw_ok=False sw_ok=False  drw=0.0002500000118743628 sw=0.0
  еӯ—й«ҳејәеҲ¶ try=0.007  drw_ok=False sw_ok=False  drw=0.0002500000118743628 sw=0.0
  еӯ—й«ҳејәеҲ¶ try=0.005  drw_ok=False sw_ok=False  drw=0.0002500000118743628 sw=0.0
  ејәеҲ¶ front Position=(80,140)mm  set_ok=True  е®һйҷ…=[0.08, 0.14]
[9.6/9] using template, skip self-drawing frame/titleblock
[9.7/9] rebound 4 views to part+cfg='й»ҳи®Ө', names=['е·ҘзЁӢеӣҫи§Ҷеӣҫ1', 'е·ҘзЁӢеӣҫи§Ҷеӣҫ2', 'е·ҘзЁӢеӣҫи§Ҷеӣҫ3', 'е·ҘзЁӢеӣҫи§Ҷеӣҫ4']
[v6 replace] view_names=['е·ҘзЁӢеӣҫи§Ҷеӣҫ1', 'е·ҘзЁӢеӣҫи§Ҷеӣҫ2', 'е·ҘзЁӢеӣҫи§Ҷеӣҫ3', 'е·ҘзЁӢеӣҫи§Ҷеӣҫ4'], part_abs=C:\Users\Vision\Desktop\SW зӣёе…і\3DиҪ¬2DжөӢиҜ•еӣҫзәё\SKIN_GROUP1_1_1_1_2_1_1_3_1_2.SLDPRT
[v6 replace] ReplaceViewModel(4 views) -> False
[save] дҝқеӯҳ SLDDRW / PDF / DXFпјҲ_v5 еҗҺзјҖпјү вҖ” part дҝқжҢҒжү“ејҖ
  SLDDRW: OK  err=0
  PDF:    OK  err=0
  DXF:    OK  err=0
  Warnings: 17 жқЎ -> c:\Users\Vision\Desktop\SW зӣёе…і\drw_output\v5\SKIN_GROUP1_1_1_1_2_1_1_3_1_2_v5_warnings.json

[DONE] {"slddrw": "c:\\Users\\Vision\\Desktop\\SW зӣёе…і\\drw_output\\v5\\SKIN_GROUP1_1_1_1_2_1_1_3_1_2_v5.SLDDRW", "pdf": "c:\\Users\\Vision\\Desktop\\SW зӣёе…і\\drw_output\\v5\\SKIN_GROUP1_1_1_1_2_1_1_3_1_2_v5.PDF", "dxf": "c:\\Users\\Vision\\Desktop\\SW зӣёе…і\\drw_output\\v5\\SKIN_GROUP1_1_1_1_2_1_1_3_1_2_v5.DXF", "warnings": "c:\\Users\\Vision\\Desktop\\SW зӣёе…і\\drw_output\\v5\\SKIN_GROUP1_1_1_1_2_1_1_3_1_2_v5_warnings.json", "scale": "1:2", "section": false, "section_helper_called": true, "centers": {"front": [0.08, 0.14], "top": [0.08, 0.08], "right": [0.18, 0.14], "iso": [0.23, 0.18]}, "real_overlap_pairs": [], "bbox_m": [0.009480206163205274, 0.0134, 0.009800572223598045]}
[loop] зӯүеҫ… 1.5s и®© SolidWorks е®ҢжҲҗејӮжӯҘеҲ·зӣҳ...
[loop] qc еҶҷзӣҳ -> c:\Users\Vision\Desktop\SW зӣёе…і\drw_output\v5\SKIN_GROUP1_1_1_1_2_1_1_3_1_2_v5_qc.json
[loop] з¬¬ 3 иҪ® QC: pass=False  pass_count=9/12  issues=['dim_count_sufficient', 'centermark_count_sufficient', 'has_tech_note', 'has_ra_note', 'has_datum_a', 'refdoc_correct', 'gb_titlebar_complete', 'gb_has_section_view_or_skipped']
[loop] qc_log.md е·ІеҶҷ: c:\Users\Vision\Desktop\SW зӣёе…і\.trae\specs\enforce-drawing-quality\qc_log.md

========== жұҮжҖ» ==========
final_pass = False
final_path = c:\Users\Vision\Desktop\SW зӣёе…і\drw_output\v5\SKIN_GROUP1_1_1_1_2_1_1_3_1_2_v5.SLDDRW
  round 1: pass=False pass_count=9/12 issues=['dim_count_sufficient', 'centermark_count_sufficient', 'has_tech_note', 'has_ra_note', 'has_datum_a', 'refdoc_correct', 'gb_titlebar_complete', 'gb_has_section_view_or_skipped']
  round 2: pass=False pass_count=9/12 issues=['dim_count_sufficient', 'centermark_count_sufficient', 'has_tech_note', 'has_ra_note', 'has_datum_a', 'refdoc_correct', 'gb_titlebar_complete', 'gb_has_section_view_or_skipped']
  round 3: pass=False pass_count=9/12 issues=['dim_count_sufficient', 'centermark_count_sufficient', 'has_tech_note', 'has_ra_note', 'has_datum_a', 'refdoc_correct', 'gb_titlebar_complete', 'gb_has_section_view_or_skipped']
qc_log.md = c:\Users\Vision\Desktop\SW зӣёе…і\.trae\specs\enforce-drawing-quality\qc_log.md
[runner] using v6

[runner] exit_code=0
