[qc_loop_v6] absolute part_path=C:\Users\Vision\Desktop\SW 相关\3D转2D测试图纸\SM-SMQ1-03-V02.SLDPRT
[main] part_path = C:\Users\Vision\Desktop\SW 相关\3D转2D测试图纸\SM-SMQ1-03-V02.SLDPRT
[loop] part_path = C:\Users\Vision\Desktop\SW 相关\3D转2D测试图纸\SM-SMQ1-03-V02.SLDPRT
[loop] max_rounds = 3

========== 第 1/3 轮 ==========
[loop] subprocess: ['C:\\Users\\Vision\\AppData\\Local\\Programs\\Python\\Python311\\python.exe', '-u', 'C:\\Users\\Vision\\Desktop\\SW 相关\\.trae\\specs\\build-v6-and-validate-exe-ui\\drw_generate_v6.py', 'C:\\Users\\Vision\\Desktop\\SW 相关\\3D转2D测试图纸\\SM-SMQ1-03-V02.SLDPRT']
[loop] v5 returncode=1  耗时 35.6s
[loop] v5 stdout(tail):
[section] === Strategy 4: legacy InsertSectionView2 ===
[section] === Strategy 5: EditRebuild + CreateSectionViewAt5 ===
[section] === Strategy 6: RunMacro2(auto_section.swp) ===
[section] s6 no .swp at c:\Users\Vision\Desktop\SW 相关\.trae\specs\repair-section-and-recompare\auto_section.swp (skip — only .bas present, needs user to compile via SW > Tools > Macro > Save as .swp)
[section] === Strategy 7: sw.RunCommand(swCommands_SectionView) ===
[section] s7 GetActiveObject exc: (-2147221021, '操作无法使用', None, None)
[section] all strategies failed
[section] fallback to RunMacro2: C:\Users\Vision\Desktop\SW 相关\templates\macros\auto_section.bas
[section] RunMacro2 failed: SldWorks.Application.RunMacro2
[8/9] 写 13 项属性 (Add3 + Set2)
[9/9] 兜底 Notes：技术要求 / Ra / 基准 A（每条 1 次）
[9.5/9] SaveAs 前最终强制：字高 + front_view.Position
[v6 layout] set pos failed: (-2147023174, 'RPC 服务器不可用。', None, None)
  强制 front Position=(80,140)mm  set_ok=False  实际=[]
[9.6/9] using template, skip self-drawing frame/titleblock
[9.7/9] rebound 4 views to part+cfg='默认', names=[]
[v6 replace] enum views failed: <unknown>.GetFirstView
[v6 replace] skip (part_abs='C:\\Users\\Vision\\Desktop\\SW 相关\\3D转2D测试图纸\\SM-SMQ1-03-V02.SLDPRT', view_names=[])
[save] 保存 SLDDRW / PDF / DXF（_v5 后缀） — part 保持打开
[cprop] drw write failed: <unknown>.Extension
[loop] v5 stderr(tail):
Traceback (most recent call last):
  File "C:\Users\Vision\Desktop\SW 相关\.trae\specs\build-v6-and-validate-exe-ui\drw_generate_v6.py", line 1385, in <module>
    res = generate_for(target, issues=issues)
          ^^^^^^^^^^^^^^^^^^^^^^^^^^^^^^^^^^^
  File "C:\Users\Vision\Desktop\SW 相关\.trae\specs\build-v6-and-validate-exe-ui\drw_generate_v6.py", line 1321, in generate_for
    ok1 = drw.Extension.SaveAs(slddrw, 0, 1, vt_dispatch_none(), err, warn)
          ^^^^^^^^^^^^^
  File "C:\Users\Vision\AppData\Local\Programs\Python\Python311\Lib\site-packages\win32com\client\dynamic.py", line 631, in __getattr__
    raise AttributeError(f"{self._username_}.{attr}")
AttributeError: <unknown>.Extension
[loop] 等待 1.5s 让 SolidWorks 完成异步刷盘...

========== 第 2/3 轮 ==========
[loop] subprocess: ['C:\\Users\\Vision\\AppData\\Local\\Programs\\Python\\Python311\\python.exe', '-u', 'C:\\Users\\Vision\\Desktop\\SW 相关\\.trae\\specs\\build-v6-and-validate-exe-ui\\drw_generate_v6.py', 'C:\\Users\\Vision\\Desktop\\SW 相关\\3D转2D测试图纸\\SM-SMQ1-03-V02.SLDPRT', 'c:\\Users\\Vision\\Desktop\\SW 相关\\drw_output\\v5\\issues_to_fix.json']
[loop] v5 returncode=0  耗时 26.7s
[loop] v5 stdout(tail):
  + Ra 3.2 Note x1
  + 基准 A x1
[gtol] fallback note '⏥ 0.05 A' inserted
[9.5/9] SaveAs 前最终强制：字高 + front_view.Position
  字高强制 try=0.005  drw_ok=False sw_ok=False  drw=0.0002500000118743628 sw=0.0
  字高强制 try=0.006  drw_ok=False sw_ok=False  drw=0.0002500000118743628 sw=0.0
  字高强制 try=0.007  drw_ok=False sw_ok=False  drw=0.0002500000118743628 sw=0.0
  字高强制 try=0.005  drw_ok=False sw_ok=False  drw=0.0002500000118743628 sw=0.0
  强制 front Position=(80,140)mm  set_ok=True  实际=[0.08, 0.14]
[9.6/9] using template, skip self-drawing frame/titleblock
[9.7/9] rebound 4 views to part+cfg='默认', names=['工程图视图1', '工程图视图2', '工程图视图3', '工程图视图4']
[v6 replace] view_names=['工程图视图1', '工程图视图2', '工程图视图3', '工程图视图4'], part_abs=C:\Users\Vision\Desktop\SW 相关\3D转2D测试图纸\SM-SMQ1-03-V02.SLDPRT
[v6 replace] ReplaceViewModel(4 views) -> False
[save] 保存 SLDDRW / PDF / DXF（_v5 后缀） — part 保持打开
  SLDDRW: OK  err=0
  PDF:    OK  err=0
  DXF:    OK  err=0
  Warnings: 17 条 -> c:\Users\Vision\Desktop\SW 相关\drw_output\v5\SM-SMQ1-03-V02_v5_warnings.json

[DONE] {"slddrw": "c:\\Users\\Vision\\Desktop\\SW 相关\\drw_output\\v5\\SM-SMQ1-03-V02_v5.SLDDRW", "pdf": "c:\\Users\\Vision\\Desktop\\SW 相关\\drw_output\\v5\\SM-SMQ1-03-V02_v5.PDF", "dxf": "c:\\Users\\Vision\\Desktop\\SW 相关\\drw_output\\v5\\SM-SMQ1-03-V02_v5.DXF", "warnings": "c:\\Users\\Vision\\Desktop\\SW 相关\\drw_output\\v5\\SM-SMQ1-03-V02_v5_warnings.json", "scale": "1:2", "section": false, "section_helper_called": true, "centers": {"front": [0.08, 0.14], "top": [0.08, 0.08], "right": [0.18, 0.14], "iso": [0.23, 0.18]}, "real_overlap_pairs": [], "bbox_m": [0.04000000000000008, 0.030000000000000002, 0.021500000000000005]}
[loop] 等待 1.5s 让 SolidWorks 完成异步刷盘...
[loop] qc 写盘 -> c:\Users\Vision\Desktop\SW 相关\drw_output\v5\SM-SMQ1-03-V02_v5_qc.json
[loop] 第 2 轮 QC: pass=False  pass_count=9/12  issues=['dim_count_sufficient', 'centermark_count_sufficient', 'has_tech_note', 'has_ra_note', 'has_datum_a', 'refdoc_correct', 'gb_titlebar_complete', 'gb_has_section_view_or_skipped']

========== 第 3/3 轮 ==========
[loop] subprocess: ['C:\\Users\\Vision\\AppData\\Local\\Programs\\Python\\Python311\\python.exe', '-u', 'C:\\Users\\Vision\\Desktop\\SW 相关\\.trae\\specs\\build-v6-and-validate-exe-ui\\drw_generate_v6.py', 'C:\\Users\\Vision\\Desktop\\SW 相关\\3D转2D测试图纸\\SM-SMQ1-03-V02.SLDPRT', 'c:\\Users\\Vision\\Desktop\\SW 相关\\drw_output\\v5\\issues_to_fix.json']
[loop] v5 returncode=0  耗时 13.5s
[loop] v5 stdout(tail):
  + Ra 3.2 Note x1
  + 基准 A x1
[gtol] fallback note '⏥ 0.05 A' inserted
[9.5/9] SaveAs 前最终强制：字高 + front_view.Position
  字高强制 try=0.005  drw_ok=False sw_ok=False  drw=0.0002500000118743628 sw=0.0
  字高强制 try=0.006  drw_ok=False sw_ok=False  drw=0.0002500000118743628 sw=0.0
  字高强制 try=0.007  drw_ok=False sw_ok=False  drw=0.0002500000118743628 sw=0.0
  字高强制 try=0.005  drw_ok=False sw_ok=False  drw=0.0002500000118743628 sw=0.0
  强制 front Position=(80,140)mm  set_ok=True  实际=[0.08, 0.14]
[9.6/9] using template, skip self-drawing frame/titleblock
[9.7/9] rebound 4 views to part+cfg='默认', names=['工程图视图1', '工程图视图2', '工程图视图3', '工程图视图4']
[v6 replace] view_names=['工程图视图1', '工程图视图2', '工程图视图3', '工程图视图4'], part_abs=C:\Users\Vision\Desktop\SW 相关\3D转2D测试图纸\SM-SMQ1-03-V02.SLDPRT
[v6 replace] ReplaceViewModel(4 views) -> False
[save] 保存 SLDDRW / PDF / DXF（_v5 后缀） — part 保持打开
  SLDDRW: OK  err=0
  PDF:    OK  err=0
  DXF:    OK  err=0
  Warnings: 17 条 -> c:\Users\Vision\Desktop\SW 相关\drw_output\v5\SM-SMQ1-03-V02_v5_warnings.json

[DONE] {"slddrw": "c:\\Users\\Vision\\Desktop\\SW 相关\\drw_output\\v5\\SM-SMQ1-03-V02_v5.SLDDRW", "pdf": "c:\\Users\\Vision\\Desktop\\SW 相关\\drw_output\\v5\\SM-SMQ1-03-V02_v5.PDF", "dxf": "c:\\Users\\Vision\\Desktop\\SW 相关\\drw_output\\v5\\SM-SMQ1-03-V02_v5.DXF", "warnings": "c:\\Users\\Vision\\Desktop\\SW 相关\\drw_output\\v5\\SM-SMQ1-03-V02_v5_warnings.json", "scale": "1:2", "section": false, "section_helper_called": true, "centers": {"front": [0.08, 0.14], "top": [0.08, 0.08], "right": [0.18, 0.14], "iso": [0.23, 0.18]}, "real_overlap_pairs": [], "bbox_m": [0.04000000000000008, 0.030000000000000002, 0.021500000000000005]}
[loop] 等待 1.5s 让 SolidWorks 完成异步刷盘...
[loop] qc 写盘 -> c:\Users\Vision\Desktop\SW 相关\drw_output\v5\SM-SMQ1-03-V02_v5_qc.json
[loop] 第 3 轮 QC: pass=False  pass_count=9/12  issues=['dim_count_sufficient', 'centermark_count_sufficient', 'has_tech_note', 'has_ra_note', 'has_datum_a', 'refdoc_correct', 'gb_titlebar_complete', 'gb_has_section_view_or_skipped']
[loop] qc_log.md 已写: c:\Users\Vision\Desktop\SW 相关\.trae\specs\enforce-drawing-quality\qc_log.md

========== 汇总 ==========
final_pass = False
final_path = c:\Users\Vision\Desktop\SW 相关\drw_output\v5\SM-SMQ1-03-V02_v5.SLDDRW
  round 1: pass=False pass_count=0/12 issues=['__file_missing__']
  round 2: pass=False pass_count=9/12 issues=['dim_count_sufficient', 'centermark_count_sufficient', 'has_tech_note', 'has_ra_note', 'has_datum_a', 'refdoc_correct', 'gb_titlebar_complete', 'gb_has_section_view_or_skipped']
  round 3: pass=False pass_count=9/12 issues=['dim_count_sufficient', 'centermark_count_sufficient', 'has_tech_note', 'has_ra_note', 'has_datum_a', 'refdoc_correct', 'gb_titlebar_complete', 'gb_has_section_view_or_skipped']
qc_log.md = c:\Users\Vision\Desktop\SW 相关\.trae\specs\enforce-drawing-quality\qc_log.md
[runner] using v6

[runner] exit_code=0
