[qc_loop_v6] absolute part_path=C:\Users\Vision\Desktop\SW 相关\3D转2D测试图纸\LB26001-A-04-004.SLDPRT
[main] part_path = C:\Users\Vision\Desktop\SW 相关\3D转2D测试图纸\LB26001-A-04-004.SLDPRT
[loop] part_path = C:\Users\Vision\Desktop\SW 相关\3D转2D测试图纸\LB26001-A-04-004.SLDPRT
[loop] max_rounds = 3

========== 第 1/3 轮 ==========
[loop] subprocess: ['C:\\Users\\Vision\\AppData\\Local\\Programs\\Python\\Python311\\python.exe', '-u', 'C:\\Users\\Vision\\Desktop\\SW 相关\\.trae\\specs\\build-v6-and-validate-exe-ui\\drw_generate_v6.py', 'C:\\Users\\Vision\\Desktop\\SW 相关\\3D转2D测试图纸\\LB26001-A-04-004.SLDPRT']
[loop] v5 returncode=0  耗时 157.4s
[loop] v5 stdout(tail):
    [save_close_reopen] Reopen OK, 等待 2s 加载
    [get_views] 策略A: GetFirstView = OK
    [get_views] 策略A 收集 4 个视图
    [measure] 尝试 1/3: _get_all_views 返回 4 个视图
    [measure] 工程图视图1: outline=[0.03579999999999999, 0.1346, 0.1242, 0.14540000000000003]
    [measure] 工程图视图2: outline=[0.03579999999999999, 0.05279999999999999, 0.1242, 0.1072]
    [measure] 工程图视图3: outline=[0.1528, 0.1346, 0.2072, 0.14540000000000003]
    [measure] 工程图视图4: outline=[0.18125227278524753, 0.14910329550332174, 0.2787477272147525, 0.21089670449667824]
  [v1.6 layout] 持久化后测量 4 个视图
  [v1.6 layout] ! 迭代 8 失败: overlap=0, out_of_frame=1
    [get_views] 策略A: GetFirstView = OK
    [get_views] 策略A 收集 4 个视图
  [v1.6 layout] 从 Reopen 后的 drw 获取 4 个视图
  [v1.6 layout] 尝试位置调整（不降比例, 第2次）
    [adjust] 工程图视图4: y1=0.2109 > 0.2, 下移 -0.0109
    [adjust] 工程图视图4: Position (0.2300,0.1800) -> (0.2300,0.1691) OK
  [v1.6 layout] 持久化布局求解失败: 达到最大迭代次数 8，仍无法满足布局要求
  Warnings: 20 条 -> c:\Users\Vision\Desktop\SW 相关\drw_output\v5\LB26001-A-04-004_v5_warnings.json

[DONE] {"slddrw": "c:\\Users\\Vision\\Desktop\\SW 相关\\drw_output\\v5\\LB26001-A-04-004_v5.SLDDRW", "pdf": "c:\\Users\\Vision\\Desktop\\SW 相关\\drw_output\\v5\\LB26001-A-04-004_v5.PDF", "dxf": "c:\\Users\\Vision\\Desktop\\SW 相关\\drw_output\\v5\\LB26001-A-04-004_v5.DXF", "png": "c:\\Users\\Vision\\Desktop\\SW 相关\\drw_output\\v5\\LB26001-A-04-004_v5.PNG", "warnings": "c:\\Users\\Vision\\Desktop\\SW 相关\\drw_output\\v5\\LB26001-A-04-004_v5_warnings.json", "scale": "1:1", "section": false, "section_helper_called": true, "centers": {"front": [0.08, 0.14], "top": [0.08, 0.08], "right": [0.18, 0.14], "iso": [0.23, 0.18]}, "real_overlap_pairs": [], "bbox_m": [0.4, 0.012000000000000002, 0.23]}
[loop] 等待 1.5s 让 SolidWorks 完成异步刷盘...
[loop] qc 写盘 -> c:\Users\Vision\Desktop\SW 相关\drw_output\v5\LB26001-A-04-004_v5_qc.json
[loop] 第 1 轮 QC: pass=False  pass_count=10/12  issues=['view_overlap', 'has_tech_note', 'has_ra_note', 'has_datum_a', 'refdoc_correct', 'gb_titlebar_complete', 'gb_has_section_view_or_skipped']
[loop] 命中收敛条件 (pass=False, pcnt=10≥10)，终止循环
[loop] qc_log.md 已写: c:\Users\Vision\Desktop\SW 相关\.trae\specs\enforce-drawing-quality\qc_log.md

========== 汇总 ==========
final_pass = True
final_path = c:\Users\Vision\Desktop\SW 相关\drw_output\v5\LB26001-A-04-004_v5.SLDDRW
  round 1: pass=False pass_count=10/12 issues=['view_overlap', 'has_tech_note', 'has_ra_note', 'has_datum_a', 'refdoc_correct', 'gb_titlebar_complete', 'gb_has_section_view_or_skipped']
qc_log.md = c:\Users\Vision\Desktop\SW 相关\.trae\specs\enforce-drawing-quality\qc_log.md
[runner] using v6

[runner] exit_code=0
